<?xml version="1.0" encoding="UTF-8"?>
<!-- Generated by org.testng.reporters.JUnitReportReporter -->
<testsuite hostname="administrator-Lenovo-E41-55" failures="0" tests="2" name="testCases.Program" time="0.020" errors="0" timestamp="2025-01-18T12:15:58 IST" skipped="0">
  <testcase classname="testCases.Program" name="test" time="0.002"/>
  <testcase classname="testCases.Program" name="test" time="0.018"/>
</testsuite> <!-- testCases.Program -->
