<?xml version="1.0" encoding="UTF-8"?>
<!-- Generated by org.testng.reporters.JUnitReportReporter -->
<testsuite hostname="administrator-Lenovo-E41-55" failures="0" tests="2" name="testCases.PreserveorderExample" time="0.030" errors="0" timestamp="2025-01-30T11:36:50 IST" skipped="0">
  <testcase classname="testCases.PreserveorderExample" name="loginTest" time="0.023"/>
  <testcase classname="testCases.PreserveorderExample" name="loginTest" time="0.007"/>
</testsuite> <!-- testCases.PreserveorderExample -->
