<?xml version="1.0" encoding="UTF-8"?>
<!-- Generated by org.testng.reporters.JUnitReportReporter -->
<testsuite hostname="administrator-Lenovo-E41-55" failures="0" tests="4" name="testCases.LoginTestCases2" time="82.490" errors="0" timestamp="2025-02-05T12:48:55 IST" skipped="0">
  <testcase classname="testCases.LoginTestCases2" name="TC_02" time="32.043"/>
  <testcase classname="testCases.LoginTestCases2" name="TC_04" time="18.798"/>
  <testcase classname="testCases.LoginTestCases2" name="TC_03" time="16.072"/>
  <testcase classname="testCases.LoginTestCases2" name="TC_01" time="15.577"/>
</testsuite> <!-- testCases.LoginTestCases2 -->
