<?xml version="1.0" encoding="UTF-8"?>
<!-- Generated by org.testng.reporters.JUnitReportReporter -->
<testsuite hostname="administrator-Lenovo-E41-55" failures="0" tests="2" name="testCases.LoginTestCases" time="52.201" errors="0" timestamp="2025-01-17T16:21:25 IST" skipped="0">
  <testcase classname="testCases.LoginTestCases" name="TC_01" time="20.229"/>
  <testcase classname="testCases.LoginTestCases" name="TC_02" time="31.972"/>
</testsuite> <!-- testCases.LoginTestCases -->
