<?xml version="1.0" encoding="UTF-8"?>
<!-- Generated by org.testng.reporters.JUnitReportReporter -->
<testsuite hostname="administrator-Lenovo-E41-55" failures="0" tests="2" name="testCases.dfdfjdhfj" time="0.010" errors="0" timestamp="2025-01-16T16:30:57 IST" skipped="0">
  <testcase classname="testCases.dfdfjdhfj" name="name" time="0.008"/>
  <testcase classname="testCases.dfdfjdhfj" name="name" time="0.002"/>
</testsuite> <!-- testCases.dfdfjdhfj -->
